2014/11/21 18:24:56 [error] [exception.CDbException] exception 'CDbException' with message 'CDbConnection failed to open the DB connection: SQLSTATE[28000] [1045] Access denied for user 'root'@'localhost' (using password: YES)' in C:\OpenServer\domains\one\framework\db\CDbConnection.php:382
Stack trace:
#0 C:\OpenServer\domains\one\framework\db\CDbConnection.php(330): CDbConnection->open()
#1 C:\OpenServer\domains\one\framework\db\CDbConnection.php(308): CDbConnection->setActive(true)
#2 C:\OpenServer\domains\one\framework\base\CModule.php(387): CDbConnection->init()
#3 C:\OpenServer\domains\one\framework\base\CModule.php(103): CModule->getComponent('db')
#4 C:\OpenServer\domains\one\framework\gii\generators\model\ModelCode.php(60): CModule->__get('db')
#5 C:\OpenServer\domains\one\framework\web\CFormModel.php(39): ModelCode->init()
#6 C:\OpenServer\domains\one\framework\gii\CCodeGenerator.php(153): CFormModel->__construct()
#7 C:\OpenServer\domains\one\framework\gii\CCodeGenerator.php(63): CCodeGenerator->prepare()
#8 C:\OpenServer\domains\one\framework\web\actions\CInlineAction.php(49): CCodeGenerator->actionIndex()
#9 C:\OpenServer\domains\one\framework\web\CController.php(308): CInlineAction->runWithParams(Array)
#10 C:\OpenServer\domains\one\framework\web\CController.php(286): CController->runAction(Object(CInlineAction))
#11 C:\OpenServer\domains\one\framework\web\CController.php(265): CController->runActionWithFilters(Object(CInlineAction), Array)
#12 C:\OpenServer\domains\one\framework\web\CWebApplication.php(282): CController->run('index')
#13 C:\OpenServer\domains\one\framework\web\CWebApplication.php(141): CWebApplication->runController('gii/model/index')
#14 C:\OpenServer\domains\one\framework\base\CApplication.php(180): CWebApplication->processRequest()
#15 C:\OpenServer\domains\one\index.php(13): CApplication->run()
#16 {main}
REQUEST_URI=/index.php/gii/model/index
HTTP_REFERER=http://one/index.php/gii/default/index
---
2014/11/21 19:16:59 [error] [exception.CHttpException.404] exception 'CHttpException' with message 'Системе не удалось найти запрашиваемое действие "two".' in C:\OpenServer\domains\one\framework\web\CController.php:483
Stack trace:
#0 C:\OpenServer\domains\one\framework\web\CController.php(270): CController->missingAction('two')
#1 C:\OpenServer\domains\one\framework\web\CWebApplication.php(282): CController->run('two')
#2 C:\OpenServer\domains\one\framework\web\CWebApplication.php(141): CWebApplication->runController('User/two')
#3 C:\OpenServer\domains\one\framework\base\CApplication.php(180): CWebApplication->processRequest()
#4 C:\OpenServer\domains\one\index.php(13): CApplication->run()
#5 {main}
REQUEST_URI=/index.php?r=User/two
---
